{"level":"\u001b[32minfo\u001b[39m","message":"{\"method\":\"GET\",\"url\":\"/api/v1/healthcheck\",\"status\":\"404\",\"responseTime\":\"4.022\"}","timestamp":"2025-01-08T06:21:41.670Z"}
{"level":"\u001b[32minfo\u001b[39m","message":"{\"method\":\"GET\",\"url\":\"/api/v1/healthcheck\",\"status\":\"404\",\"responseTime\":\"0.830\"}","timestamp":"2025-01-08T06:23:08.765Z"}
{"level":"\u001b[32minfo\u001b[39m","message":"{\"method\":\"GET\",\"url\":\"/api/v1/healthcheck\",\"status\":\"200\",\"responseTime\":\"2.752\"}","timestamp":"2025-01-08T06:25:18.550Z"}
{"level":"\u001b[32minfo\u001b[39m","message":"{\"method\":\"GET\",\"url\":\"/api/v1/healthcheck\",\"status\":\"200\",\"responseTime\":\"5.150\"}","timestamp":"2025-01-11T16:49:39.414Z"}
{"level":"\u001b[32minfo\u001b[39m","message":"{\"method\":\"GET\",\"url\":\"/api/v1/healthchec\",\"status\":\"404\",\"responseTime\":\"3.867\"}","timestamp":"2025-01-11T16:51:47.881Z"}
{"level":"\u001b[32minfo\u001b[39m","message":"{\"method\":\"GET\",\"url\":\"/api/v1/healthcheck\",\"status\":\"200\",\"responseTime\":\"1.139\"}","timestamp":"2025-01-11T16:51:54.694Z"}
{"level":"\u001b[32minfo\u001b[39m","message":"{\"method\":\"POST\",\"url\":\"/api/v1/users/register\",\"status\":\"-\",\"responseTime\":\"-\"}","timestamp":"2025-01-12T07:36:30.230Z"}
{"level":"\u001b[32minfo\u001b[39m","message":"{\"method\":\"POST\",\"url\":\"/api/v1/users/register\",\"status\":\"-\",\"responseTime\":\"-\"}","timestamp":"2025-01-12T07:38:02.317Z"}
{"level":"\u001b[32minfo\u001b[39m","message":"{\"method\":\"POST\",\"url\":\"/api/v1/users/register\",\"status\":\"-\",\"responseTime\":\"-\"}","timestamp":"2025-01-12T07:39:25.059Z"}
{"level":"\u001b[32minfo\u001b[39m","message":"{\"method\":\"POST\",\"url\":\"/api/v1/users\",\"status\":\"404\",\"responseTime\":\"3.281\"}","timestamp":"2025-01-12T07:47:55.448Z"}
{"level":"\u001b[32minfo\u001b[39m","message":"{\"method\":\"POST\",\"url\":\"/api/v1/users/register\",\"status\":\"404\",\"responseTime\":\"152.059\"}","timestamp":"2025-01-12T07:48:53.742Z"}
{"level":"\u001b[32minfo\u001b[39m","message":"{\"method\":\"POST\",\"url\":\"/api/v1/users/register\",\"status\":\"500\",\"responseTime\":\"8.943\"}","timestamp":"2025-01-12T07:51:51.541Z"}
{"level":"\u001b[32minfo\u001b[39m","message":"{\"method\":\"POST\",\"url\":\"/api/v1/users/register\",\"status\":\"500\",\"responseTime\":\"3.151\"}","timestamp":"2025-01-12T07:52:26.599Z"}
{"level":"\u001b[32minfo\u001b[39m","message":"{\"method\":\"POST\",\"url\":\"/api/v1/users/register\",\"status\":\"500\",\"responseTime\":\"1286.872\"}","timestamp":"2025-01-12T08:15:28.773Z"}
{"level":"\u001b[32minfo\u001b[39m","message":"{\"method\":\"POST\",\"url\":\"/api/v1/users/register\",\"status\":\"500\",\"responseTime\":\"172.136\"}","timestamp":"2025-01-12T08:16:06.634Z"}
{"level":"\u001b[32minfo\u001b[39m","message":"{\"method\":\"POST\",\"url\":\"/api/v1/users/register\",\"status\":\"500\",\"responseTime\":\"144.971\"}","timestamp":"2025-01-12T08:16:13.354Z"}
{"level":"\u001b[32minfo\u001b[39m","message":"{\"method\":\"POST\",\"url\":\"/api/v1/users/register\",\"status\":\"404\",\"responseTime\":\"104.946\"}","timestamp":"2025-01-12T08:16:36.299Z"}
{"level":"\u001b[32minfo\u001b[39m","message":"{\"method\":\"POST\",\"url\":\"/api/v1/users/register\",\"status\":\"404\",\"responseTime\":\"103.285\"}","timestamp":"2025-01-12T08:17:27.939Z"}
{"level":"\u001b[32minfo\u001b[39m","message":"{\"method\":\"POST\",\"url\":\"/api/v1/users/register\",\"status\":\"500\",\"responseTime\":\"11.601\"}","timestamp":"2025-01-12T08:24:51.835Z"}
{"level":"\u001b[32minfo\u001b[39m","message":"{\"method\":\"POST\",\"url\":\"/api/v1/users/register\",\"status\":\"500\",\"responseTime\":\"12.529\"}","timestamp":"2025-01-12T08:46:08.260Z"}
{"level":"\u001b[32minfo\u001b[39m","message":"{\"method\":\"POST\",\"url\":\"/api/v1/users/register\",\"status\":\"500\",\"responseTime\":\"38.772\"}","timestamp":"2025-01-12T09:40:47.940Z"}
{"level":"\u001b[32minfo\u001b[39m","message":"{\"method\":\"POST\",\"url\":\"/api/v1/users/register/\",\"status\":\"500\",\"responseTime\":\"7.465\"}","timestamp":"2025-01-12T09:45:18.873Z"}
{"level":"\u001b[32minfo\u001b[39m","message":"{\"method\":\"POST\",\"url\":\"/api/v1/users/register\",\"status\":\"500\",\"responseTime\":\"6.448\"}","timestamp":"2025-01-12T09:45:25.356Z"}
{"level":"\u001b[32minfo\u001b[39m","message":"{\"method\":\"POST\",\"url\":\"/api/v1/users/register\",\"status\":\"500\",\"responseTime\":\"96.035\"}","timestamp":"2025-01-12T09:45:38.799Z"}
{"level":"\u001b[32minfo\u001b[39m","message":"{\"method\":\"POST\",\"url\":\"/api/v1/users/register\",\"status\":\"500\",\"responseTime\":\"24.761\"}","timestamp":"2025-01-12T09:49:37.307Z"}
{"level":"\u001b[32minfo\u001b[39m","message":"{\"method\":\"POST\",\"url\":\"/api/v1/users/register\",\"status\":\"500\",\"responseTime\":\"9915.346\"}","timestamp":"2025-01-12T10:08:32.797Z"}
{"level":"\u001b[32minfo\u001b[39m","message":"{\"method\":\"POST\",\"url\":\"/api/v1/users/register\",\"status\":\"201\",\"responseTime\":\"7390.188\"}","timestamp":"2025-01-12T10:11:11.015Z"}
{"level":"\u001b[32minfo\u001b[39m","message":"{\"method\":\"POST\",\"url\":\"/api/v1/users/register\",\"status\":\"201\",\"responseTime\":\"9431.025\"}","timestamp":"2025-01-12T10:38:50.643Z"}
{"level":"\u001b[32minfo\u001b[39m","message":"{\"method\":\"POST\",\"url\":\"/api/v1/users/register\",\"status\":\"404\",\"responseTime\":\"92.138\"}","timestamp":"2025-01-12T10:39:38.429Z"}
{"level":"\u001b[32minfo\u001b[39m","message":"{\"method\":\"POST\",\"url\":\"/api/v1/users/register\",\"status\":\"500\",\"responseTime\":\"31.788\"}","timestamp":"2025-01-12T10:41:22.278Z"}
{"level":"\u001b[32minfo\u001b[39m","message":"{\"method\":\"POST\",\"url\":\"/api/v1/users/register\",\"status\":\"500\",\"responseTime\":\"9991.772\"}","timestamp":"2025-01-12T10:42:34.852Z"}
{"level":"\u001b[32minfo\u001b[39m","message":"{\"method\":\"POST\",\"url\":\"/api/v1/users/register\",\"status\":\"500\",\"responseTime\":\"10030.813\"}","timestamp":"2025-01-12T10:43:49.270Z"}
{"level":"\u001b[32minfo\u001b[39m","message":"{\"method\":\"POST\",\"url\":\"/api/v1/users/register\",\"status\":\"201\",\"responseTime\":\"9101.203\"}","timestamp":"2025-01-12T10:48:49.553Z"}
{"level":"\u001b[32minfo\u001b[39m","message":"{\"method\":\"POST\",\"url\":\"/api/v1/users/register\",\"status\":\"201\",\"responseTime\":\"6220.676\"}","timestamp":"2025-01-12T10:49:58.417Z"}
{"level":"\u001b[32minfo\u001b[39m","message":"{\"method\":\"POST\",\"url\":\"/api/v1/users/register\",\"status\":\"500\",\"responseTime\":\"19.259\"}","timestamp":"2025-01-12T10:51:00.831Z"}
{"level":"\u001b[32minfo\u001b[39m","message":"{\"method\":\"POST\",\"url\":\"/api/v1/users/register\",\"status\":\"201\",\"responseTime\":\"6532.370\"}","timestamp":"2025-01-12T10:51:20.273Z"}
{"level":"\u001b[32minfo\u001b[39m","message":"{\"method\":\"GET\",\"url\":\"/api/v1/healthcheck\",\"status\":\"200\",\"responseTime\":\"0.781\"}","timestamp":"2025-01-12T10:54:21.855Z"}
{"level":"\u001b[32minfo\u001b[39m","message":"{\"method\":\"GET\",\"url\":\"/api/v1/healthcheck\",\"status\":\"200\",\"responseTime\":\"12.331\"}","timestamp":"2025-01-28T11:06:58.931Z"}
{"level":"\u001b[32minfo\u001b[39m","message":"{\"method\":\"POST\",\"url\":\"/api/v1/users/register\",\"status\":\"201\",\"responseTime\":\"16448.658\"}","timestamp":"2025-01-28T11:26:04.839Z"}
{"level":"\u001b[32minfo\u001b[39m","message":"{\"method\":\"POST\",\"url\":\"/api/v1/users/register\",\"status\":\"404\",\"responseTime\":\"183.937\"}","timestamp":"2025-01-28T11:30:46.339Z"}
{"level":"\u001b[32minfo\u001b[39m","message":"{\"method\":\"POST\",\"url\":\"/api/v1/users/register\",\"status\":\"400\",\"responseTime\":\"26.258\"}","timestamp":"2025-01-28T11:30:59.530Z"}
{"level":"\u001b[32minfo\u001b[39m","message":"{\"method\":\"POST\",\"url\":\"/api/v1/users/register/login\",\"status\":\"404\",\"responseTime\":\"10.046\"}","timestamp":"2025-01-28T11:38:03.512Z"}
